<?xml version="1.0" encoding="UTF-8"?>
<!-- Generated by org.testng.reporters.JUnitReportReporter -->
<testsuite hostname="LAPTOP-6I55QF40" failures="0" tests="3" name="Com.RunnerClass.RunnerOne$Runner" time="32.814" errors="0" timestamp="2021-04-20T16:47:49 IST" skipped="0">
  <testcase classname="Com.RunnerClass.RunnerOne$Runner" name="runScenario" time="6.594"/>
  <system-out/>
  <testcase classname="Com.RunnerClass.RunnerOne$Runner" name="runScenario" time="11.640"/>
  <system-out/>
  <testcase classname="Com.RunnerClass.RunnerOne$Runner" name="runScenario" time="14.580"/>
  <system-out/>
</testsuite> <!-- Com.RunnerClass.RunnerOne$Runner -->
